[debug] [2018-10-19T04:29:30.442Z] ----------------------------------------------------------------------
[debug] [2018-10-19T04:29:30.442Z] Command:       C:\Program Files\nodejs\node.exe C:\Users\Geovany\AppData\Roaming\npm\node_modules\firebase-tools\bin\firebase deploy
[debug] [2018-10-19T04:29:30.442Z] CLI Version:   5.0.1
[debug] [2018-10-19T04:29:30.442Z] Platform:      win32
[debug] [2018-10-19T04:29:30.442Z] Node Version:  v9.11.1
[debug] [2018-10-19T04:29:30.442Z] Time:          Fri Oct 19 2018 01:29:30 GMT-0300 (Hora oficial do Brasil)
[debug] [2018-10-19T04:29:30.442Z] ----------------------------------------------------------------------
[debug] 
[debug] [2018-10-19T04:29:30.457Z] > command requires scopes: ["email","openid","https://www.googleapis.com/auth/cloudplatformprojects.readonly","https://www.googleapis.com/auth/firebase","https://www.googleapis.com/auth/cloud-platform"]
[debug] [2018-10-19T04:29:30.457Z] > authorizing via signed-in user
[debug] [2018-10-19T04:29:30.457Z] [iam] checking project gestaolaboratorial for permissions ["cloudfunctions.functions.create","cloudfunctions.functions.delete","cloudfunctions.functions.get","cloudfunctions.functions.list","cloudfunctions.functions.update","cloudfunctions.operations.get","firebase.projects.get","firebasehosting.sites.update"]
[debug] [2018-10-19T04:29:30.457Z] >>> HTTP REQUEST POST https://cloudresourcemanager.googleapis.com/v1/projects/gestaolaboratorial:testIamPermissions  

[debug] [2018-10-19T04:29:31.651Z] <<< HTTP RESPONSE 200
[debug] [2018-10-19T04:29:31.651Z] >>> HTTP REQUEST GET https://admin.firebase.com/v1/projects/gestaolaboratorial  
 
[debug] [2018-10-19T04:29:32.605Z] <<< HTTP RESPONSE 200
[info] 
[info] === Deploying to 'gestaolaboratorial'...
[info] 
[info] i  deploying functions, hosting
[info] Running command: npm --prefix "%RESOURCE_DIR%" run lint
[info] Running command: npm --prefix "%RESOURCE_DIR%" run build
[info] +  functions: Finished running predeploy script.
[debug] [2018-10-19T04:29:49.163Z] > [functions] package.json contents: {
  "name": "functions",
  "scripts": {
    "lint": "tslint --project tsconfig.json",
    "build": "tsc",
    "serve": "npm run build && firebase serve --only functions",
    "shell": "npm run build && firebase functions:shell",
    "start": "npm run shell",
    "deploy": "firebase deploy --only functions",
    "logs": "firebase functions:log"
  },
  "main": "lib/index.js",
  "dependencies": {
    "cors": "^2.8.4",
    "firebase-admin": "~6.0.0",
    "firebase-functions": "^2.0.3",
    "moment": "^2.22.2"
  },
  "devDependencies": {
    "tslint": "~5.8.0",
    "typescript": "~2.8.3"
  },
  "private": true
}
[info] i  functions: ensuring necessary APIs are enabled...
[debug] [2018-10-19T04:29:49.163Z] >>> HTTP REQUEST GET https://servicemanagement.googleapis.com/v1/services/cloudfunctions.googleapis.com/projectSettings/gestaolaboratorial?view=CONSUMER_VIEW  
 
[debug] [2018-10-19T04:29:49.163Z] >>> HTTP REQUEST GET https://servicemanagement.googleapis.com/v1/services/runtimeconfig.googleapis.com/projectSettings/gestaolaboratorial?view=CONSUMER_VIEW  
 
[debug] [2018-10-19T04:29:50.987Z] <<< HTTP RESPONSE 200
[debug] [2018-10-19T04:29:51.097Z] <<< HTTP RESPONSE 200
[info] +  functions: all necessary APIs are enabled
[debug] [2018-10-19T04:29:51.097Z] >>> HTTP REQUEST GET https://cloudresourcemanager.googleapis.com/v1/projects/gestaolaboratorial  
 
[debug] [2018-10-19T04:29:52.149Z] <<< HTTP RESPONSE 200
[debug] [2018-10-19T04:29:52.149Z] >>> HTTP REQUEST GET https://mobilesdk-pa.googleapis.com/v1/projects/476558175351:getServerAppConfig  
 
[debug] [2018-10-19T04:29:52.647Z] <<< HTTP RESPONSE 200
[debug] [2018-10-19T04:29:52.647Z] >>> HTTP REQUEST POST https://firebasehosting.googleapis.com/v1beta1/sites/gestaolaboratorial/versions  

[debug] [2018-10-19T04:29:54.646Z] <<< HTTP RESPONSE 200
[info] i  functions: preparing functions directory for uploading...
[debug] [2018-10-19T04:29:54.646Z] >>> HTTP REQUEST GET https://runtimeconfig.googleapis.com/v1beta1/projects/gestaolaboratorial/configs  
 
[debug] [2018-10-19T04:29:55.290Z] <<< HTTP RESPONSE 200
[info] i  functions: packaged functions (47.92 KB) for uploading
[debug] [2018-10-19T04:29:55.757Z] >>> HTTP REQUEST POST https://cloudfunctions.googleapis.com/v1/projects/gestaolaboratorial/locations/us-central1/functions:generateUploadUrl  
 
[debug] [2018-10-19T04:29:57.304Z] <<< HTTP RESPONSE 200
[debug] [2018-10-19T04:29:57.305Z] >>> HTTP REQUEST PUT https://storage.googleapis.com/gcf-upload-us-central1-b407e09c-9fef-443f-8c7a-5bcecfeb34ae/0caeee62-042d-485a-b58a-e5c5931b40d9.zip?GoogleAccessId=service-476558175351@gcf-admin-robot.iam.gserviceaccount.com&Expires=1539925197&Signature=pOsmRXk%2FFEOakhvcoVyFpILXJpVpKk48OXWBeKxPHDNc7yvPiExmCg7jsLD9HDBT4o495VkCm2RlbtQNcDUlGMfubLySvNSKxNlkFkoBXQZ2e5YuKmjq%2B13uKUJoksOLKGy6KRInLuwmkipJmgiCFiFrtcGjpURc%2Fg5m14ENhZB00giueQmzwFKoATtvX0HDMnkQCXEx3n%2B70HOj08N9Bkk4dqp1J6V60gtknGnc%2BUifvNd50x5xPDc8vgRbZL8%2FUbPMTg7NiR%2BUDlC7Px4YbQJRCGqMaslhNQt7HkJJTN1lvuzBXISiIoY1H%2BHafSjiR9LWi3na7hV3asZ5rKa5Xw%3D%3D  

[debug] [2018-10-19T04:29:58.536Z] <<< HTTP RESPONSE 200
[info] +  functions: functions folder uploaded successfully
[info] i  hosting[gestaolaboratorial]: beginning deploy...
[info] i  hosting[gestaolaboratorial]: found 158 files in dist
[debug] [2018-10-19T04:29:58.646Z] [hosting] hash cache [ZGlzdA] stored for 158 files
[debug] [2018-10-19T04:29:58.646Z] [hosting][hash queue][FINAL]
[debug] [2018-10-19T04:29:58.646Z] >>> HTTP REQUEST POST https://firebasehosting.googleapis.com/v1beta1/sites/gestaolaboratorial/versions/19231972f75b0214:populateFiles  
 <request body omitted>
[debug] [2018-10-19T04:30:01.323Z] <<< HTTP RESPONSE 200
[debug] [2018-10-19T04:30:01.324Z] [hosting][populate queue][FINAL]
[debug] [2018-10-19T04:30:01.324Z] [hosting] uploads queued: 0
[debug] [2018-10-19T04:30:01.324Z] [hosting][upload queue][FINAL]
[info] +  hosting[gestaolaboratorial]: file upload complete
[debug] [2018-10-19T04:30:01.326Z] [hosting] deploy completed after 2790ms
[debug] [2018-10-19T04:30:01.329Z] >>> HTTP REQUEST GET https://cloudfunctions.googleapis.com/v1/projects/gestaolaboratorial/locations/-/functions  
 
[debug] [2018-10-19T04:30:02.993Z] <<< HTTP RESPONSE 200
[info] i  functions: updating Node.js 6 function searchHours(us-central1)...
[debug] [2018-10-19T04:30:02.996Z] Trigger is:  {"httpsTrigger":{}}
[debug] [2018-10-19T04:30:02.997Z] >>> HTTP REQUEST PATCH https://cloudfunctions.googleapis.com/v1/projects/gestaolaboratorial/locations/us-central1/functions/searchHours {"updateMask":"sourceUploadUrl,name,labels,httpsTrigger"} 

[debug] [2018-10-19T04:30:04.408Z] <<< HTTP RESPONSE 200
[debug] [2018-10-19T04:30:04.408Z] >>> HTTP REQUEST GET https://cloudfunctions.googleapis.com/v1/projects/gestaolaboratorial/locations/-/functions  
 
[debug] [2018-10-19T04:30:06.112Z] <<< HTTP RESPONSE 200
[debug] [2018-10-19T04:30:06.113Z] >>> HTTP REQUEST GET https://cloudfunctions.googleapis.com/v1/operations/Z2VzdGFvbGFib3JhdG9yaWFsL3VzLWNlbnRyYWwxL3NlYXJjaEhvdXJzL25iQTJKdFp5Wnlv  
 
[debug] [2018-10-19T04:30:07.413Z] <<< HTTP RESPONSE 200
[debug] [2018-10-19T04:30:09.423Z] >>> HTTP REQUEST GET https://cloudfunctions.googleapis.com/v1/operations/Z2VzdGFvbGFib3JhdG9yaWFsL3VzLWNlbnRyYWwxL3NlYXJjaEhvdXJzL25iQTJKdFp5Wnlv  
 
[debug] [2018-10-19T04:30:10.741Z] <<< HTTP RESPONSE 200
[debug] [2018-10-19T04:30:12.743Z] >>> HTTP REQUEST GET https://cloudfunctions.googleapis.com/v1/operations/Z2VzdGFvbGFib3JhdG9yaWFsL3VzLWNlbnRyYWwxL3NlYXJjaEhvdXJzL25iQTJKdFp5Wnlv  
 
[debug] [2018-10-19T04:30:14.003Z] <<< HTTP RESPONSE 200
[debug] [2018-10-19T04:30:16.018Z] >>> HTTP REQUEST GET https://cloudfunctions.googleapis.com/v1/operations/Z2VzdGFvbGFib3JhdG9yaWFsL3VzLWNlbnRyYWwxL3NlYXJjaEhvdXJzL25iQTJKdFp5Wnlv  
 
[debug] [2018-10-19T04:30:17.289Z] <<< HTTP RESPONSE 200
[debug] [2018-10-19T04:30:19.305Z] >>> HTTP REQUEST GET https://cloudfunctions.googleapis.com/v1/operations/Z2VzdGFvbGFib3JhdG9yaWFsL3VzLWNlbnRyYWwxL3NlYXJjaEhvdXJzL25iQTJKdFp5Wnlv  
 
[debug] [2018-10-19T04:30:20.581Z] <<< HTTP RESPONSE 200
[debug] [2018-10-19T04:30:22.591Z] >>> HTTP REQUEST GET https://cloudfunctions.googleapis.com/v1/operations/Z2VzdGFvbGFib3JhdG9yaWFsL3VzLWNlbnRyYWwxL3NlYXJjaEhvdXJzL25iQTJKdFp5Wnlv  
 
[debug] [2018-10-19T04:30:23.869Z] <<< HTTP RESPONSE 200
[debug] [2018-10-19T04:30:25.884Z] >>> HTTP REQUEST GET https://cloudfunctions.googleapis.com/v1/operations/Z2VzdGFvbGFib3JhdG9yaWFsL3VzLWNlbnRyYWwxL3NlYXJjaEhvdXJzL25iQTJKdFp5Wnlv  
 
[debug] [2018-10-19T04:30:27.144Z] <<< HTTP RESPONSE 200
[debug] [2018-10-19T04:30:29.153Z] >>> HTTP REQUEST GET https://cloudfunctions.googleapis.com/v1/operations/Z2VzdGFvbGFib3JhdG9yaWFsL3VzLWNlbnRyYWwxL3NlYXJjaEhvdXJzL25iQTJKdFp5Wnlv  
 
[debug] [2018-10-19T04:30:30.436Z] <<< HTTP RESPONSE 200
[debug] [2018-10-19T04:30:32.437Z] >>> HTTP REQUEST GET https://cloudfunctions.googleapis.com/v1/operations/Z2VzdGFvbGFib3JhdG9yaWFsL3VzLWNlbnRyYWwxL3NlYXJjaEhvdXJzL25iQTJKdFp5Wnlv  
 
[debug] [2018-10-19T04:30:33.725Z] <<< HTTP RESPONSE 200
[debug] [2018-10-19T04:30:35.744Z] >>> HTTP REQUEST GET https://cloudfunctions.googleapis.com/v1/operations/Z2VzdGFvbGFib3JhdG9yaWFsL3VzLWNlbnRyYWwxL3NlYXJjaEhvdXJzL25iQTJKdFp5Wnlv  
 
[debug] [2018-10-19T04:30:37.004Z] <<< HTTP RESPONSE 200
[debug] [2018-10-19T04:30:39.016Z] >>> HTTP REQUEST GET https://cloudfunctions.googleapis.com/v1/operations/Z2VzdGFvbGFib3JhdG9yaWFsL3VzLWNlbnRyYWwxL3NlYXJjaEhvdXJzL25iQTJKdFp5Wnlv  
 
[debug] [2018-10-19T04:30:40.319Z] <<< HTTP RESPONSE 200
[debug] [2018-10-19T04:30:42.319Z] >>> HTTP REQUEST GET https://cloudfunctions.googleapis.com/v1/operations/Z2VzdGFvbGFib3JhdG9yaWFsL3VzLWNlbnRyYWwxL3NlYXJjaEhvdXJzL25iQTJKdFp5Wnlv  
 
[debug] [2018-10-19T04:30:43.653Z] <<< HTTP RESPONSE 200
[debug] [2018-10-19T04:30:45.654Z] >>> HTTP REQUEST GET https://cloudfunctions.googleapis.com/v1/operations/Z2VzdGFvbGFib3JhdG9yaWFsL3VzLWNlbnRyYWwxL3NlYXJjaEhvdXJzL25iQTJKdFp5Wnlv  
 
[debug] [2018-10-19T04:30:46.978Z] <<< HTTP RESPONSE 200
[debug] [2018-10-19T04:30:48.979Z] >>> HTTP REQUEST GET https://cloudfunctions.googleapis.com/v1/operations/Z2VzdGFvbGFib3JhdG9yaWFsL3VzLWNlbnRyYWwxL3NlYXJjaEhvdXJzL25iQTJKdFp5Wnlv  
 
[debug] [2018-10-19T04:30:50.297Z] <<< HTTP RESPONSE 200
[debug] [2018-10-19T04:30:52.297Z] >>> HTTP REQUEST GET https://cloudfunctions.googleapis.com/v1/operations/Z2VzdGFvbGFib3JhdG9yaWFsL3VzLWNlbnRyYWwxL3NlYXJjaEhvdXJzL25iQTJKdFp5Wnlv  
 
[debug] [2018-10-19T04:30:53.662Z] <<< HTTP RESPONSE 200
[debug] [2018-10-19T04:30:55.663Z] >>> HTTP REQUEST GET https://cloudfunctions.googleapis.com/v1/operations/Z2VzdGFvbGFib3JhdG9yaWFsL3VzLWNlbnRyYWwxL3NlYXJjaEhvdXJzL25iQTJKdFp5Wnlv  
 
[debug] [2018-10-19T04:30:57.072Z] <<< HTTP RESPONSE 200
[debug] [2018-10-19T04:30:59.072Z] >>> HTTP REQUEST GET https://cloudfunctions.googleapis.com/v1/operations/Z2VzdGFvbGFib3JhdG9yaWFsL3VzLWNlbnRyYWwxL3NlYXJjaEhvdXJzL25iQTJKdFp5Wnlv  
 
[debug] [2018-10-19T04:31:00.471Z] <<< HTTP RESPONSE 200
[debug] [2018-10-19T04:31:02.473Z] >>> HTTP REQUEST GET https://cloudfunctions.googleapis.com/v1/operations/Z2VzdGFvbGFib3JhdG9yaWFsL3VzLWNlbnRyYWwxL3NlYXJjaEhvdXJzL25iQTJKdFp5Wnlv  
 
[debug] [2018-10-19T04:31:03.855Z] <<< HTTP RESPONSE 200
[debug] [2018-10-19T04:31:05.857Z] >>> HTTP REQUEST GET https://cloudfunctions.googleapis.com/v1/operations/Z2VzdGFvbGFib3JhdG9yaWFsL3VzLWNlbnRyYWwxL3NlYXJjaEhvdXJzL25iQTJKdFp5Wnlv  
 
[debug] [2018-10-19T04:31:07.492Z] <<< HTTP RESPONSE 200
[debug] [2018-10-19T04:31:09.492Z] >>> HTTP REQUEST GET https://cloudfunctions.googleapis.com/v1/operations/Z2VzdGFvbGFib3JhdG9yaWFsL3VzLWNlbnRyYWwxL3NlYXJjaEhvdXJzL25iQTJKdFp5Wnlv  
 
[debug] [2018-10-19T04:31:10.834Z] <<< HTTP RESPONSE 200
[debug] [2018-10-19T04:31:12.834Z] >>> HTTP REQUEST GET https://cloudfunctions.googleapis.com/v1/operations/Z2VzdGFvbGFib3JhdG9yaWFsL3VzLWNlbnRyYWwxL3NlYXJjaEhvdXJzL25iQTJKdFp5Wnlv  
 
[debug] [2018-10-19T04:31:14.218Z] <<< HTTP RESPONSE 200
[debug] [2018-10-19T04:31:16.220Z] >>> HTTP REQUEST GET https://cloudfunctions.googleapis.com/v1/operations/Z2VzdGFvbGFib3JhdG9yaWFsL3VzLWNlbnRyYWwxL3NlYXJjaEhvdXJzL25iQTJKdFp5Wnlv  
 
[debug] [2018-10-19T04:31:17.606Z] <<< HTTP RESPONSE 200
[debug] [2018-10-19T04:31:19.607Z] >>> HTTP REQUEST GET https://cloudfunctions.googleapis.com/v1/operations/Z2VzdGFvbGFib3JhdG9yaWFsL3VzLWNlbnRyYWwxL3NlYXJjaEhvdXJzL25iQTJKdFp5Wnlv  
 
[debug] [2018-10-19T04:31:20.918Z] <<< HTTP RESPONSE 200
[debug] [2018-10-19T04:31:22.919Z] >>> HTTP REQUEST GET https://cloudfunctions.googleapis.com/v1/operations/Z2VzdGFvbGFib3JhdG9yaWFsL3VzLWNlbnRyYWwxL3NlYXJjaEhvdXJzL25iQTJKdFp5Wnlv  
 
[debug] [2018-10-19T04:31:24.201Z] <<< HTTP RESPONSE 200
[debug] [2018-10-19T04:31:26.203Z] >>> HTTP REQUEST GET https://cloudfunctions.googleapis.com/v1/operations/Z2VzdGFvbGFib3JhdG9yaWFsL3VzLWNlbnRyYWwxL3NlYXJjaEhvdXJzL25iQTJKdFp5Wnlv  
 
[debug] [2018-10-19T04:31:27.503Z] <<< HTTP RESPONSE 200
[debug] [2018-10-19T04:31:29.506Z] >>> HTTP REQUEST GET https://cloudfunctions.googleapis.com/v1/operations/Z2VzdGFvbGFib3JhdG9yaWFsL3VzLWNlbnRyYWwxL3NlYXJjaEhvdXJzL25iQTJKdFp5Wnlv  
 
[debug] [2018-10-19T04:31:29.897Z] <<< HTTP RESPONSE 200
[debug] [2018-10-19T04:31:31.899Z] >>> HTTP REQUEST GET https://cloudfunctions.googleapis.com/v1/operations/Z2VzdGFvbGFib3JhdG9yaWFsL3VzLWNlbnRyYWwxL3NlYXJjaEhvdXJzL25iQTJKdFp5Wnlv  
 
[debug] [2018-10-19T04:31:33.207Z] <<< HTTP RESPONSE 200
